<?xml version="1.0" encoding="UTF-8"?>
<testsuite xmlns:xsi="http://www.w3.org/2001/XMLSchema-instance" xsi:noNamespaceSchemaLocation="https://maven.apache.org/surefire/maven-surefire-plugin/xsd/surefire-test-report.xsd" version="3.0.2" name="co.edu.tdea.jalesma.JalesmaCrudApplicationTests" time="12.409" tests="1" errors="0" skipped="0" failures="0">
  <properties>
[...]
</properties>
  <testcase name="contextLoads" classname="co.edu.tdea.jalesma.JalesmaCrudApplicationTests" time="0.783">
    <system-out><![CDATA[14:25:06.984 [main] INFO org.springframework.test.context.support.AnnotationConfigContextLoaderUtils -- Could not detect default configuration classes for test class [co.edu.tdea.jalesma.JalesmaCrudApplicationTests]: JalesmaCrudApplicationTests does not declare any static, non-private, non-final, nested classes annotated with @Configuration.
14:25:07.201 [main] INFO org.springframework.boot.test.context.SpringBootTestContextBootstrapper -- Found @SpringBootConfiguration co.edu.tdea.jalesma.JalesmaCrudApplication for test class co.edu.tdea.jalesma.JalesmaCrudApplicationTests
14:25:07.533 [main] INFO org.springframework.boot.devtools.restart.RestartApplicationListener -- Restart disabled due to context in which it is running

  .   ____          _            __ _ _
 /\\ / ___'_ __ _ _(_)_ __  __ _ \ \ \ \
( ( )\___ | '_ | '_| | '_ \/ _` | \ \ \ \
 \\/  ___)| |_)| | | | | || (_| |  ) ) ) )
  '  |____| .__|_| |_|_| |_\__, | / / / /
 =========|_|==============|___/=/_/_/_/

 :: Spring Boot ::                (v3.5.7)

2025-11-01T14:25:08.095-05:00  INFO 1932 --- [jalesma-crud] [           main] c.e.t.j.JalesmaCrudApplicationTests      : Starting JalesmaCrudApplicationTests using Java 17.0.13 with PID 1932 (started by Anderson in C:\Users\Asus\Desktop\jalesma)
2025-11-01T14:25:08.099-05:00  INFO 1932 --- [jalesma-crud] [           main] c.e.t.j.JalesmaCrudApplicationTests      : No active profile set, falling back to 1 default profile: "default"
2025-11-01T14:25:09.749-05:00  INFO 1932 --- [jalesma-crud] [           main] .s.d.r.c.RepositoryConfigurationDelegate : Bootstrapping Spring Data JPA repositories in DEFAULT mode.
2025-11-01T14:25:09.983-05:00  INFO 1932 --- [jalesma-crud] [           main] .s.d.r.c.RepositoryConfigurationDelegate : Finished Spring Data repository scanning in 209 ms. Found 3 JPA repository interfaces.
2025-11-01T14:25:11.130-05:00  INFO 1932 --- [jalesma-crud] [           main] o.hibernate.jpa.internal.util.LogHelper  : HHH000204: Processing PersistenceUnitInfo [name: default]
2025-11-01T14:25:11.352-05:00  INFO 1932 --- [jalesma-crud] [           main] org.hibernate.Version                    : HHH000412: Hibernate ORM core version 6.6.33.Final
2025-11-01T14:25:11.473-05:00  INFO 1932 --- [jalesma-crud] [           main] o.h.c.internal.RegionFactoryInitiator    : HHH000026: Second-level cache disabled
2025-11-01T14:25:12.477-05:00  INFO 1932 --- [jalesma-crud] [           main] o.s.o.j.p.SpringPersistenceUnitInfo      : No LoadTimeWeaver setup: ignoring JPA class transformer
2025-11-01T14:25:12.563-05:00  INFO 1932 --- [jalesma-crud] [           main] com.zaxxer.hikari.HikariDataSource       : HikariPool-1 - Starting...
2025-11-01T14:25:13.587-05:00  INFO 1932 --- [jalesma-crud] [           main] com.zaxxer.hikari.pool.HikariPool        : HikariPool-1 - Added connection com.mysql.cj.jdbc.ConnectionImpl@7d4d65f5
2025-11-01T14:25:13.591-05:00  INFO 1932 --- [jalesma-crud] [           main] com.zaxxer.hikari.HikariDataSource       : HikariPool-1 - Start completed.
2025-11-01T14:25:13.879-05:00  WARN 1932 --- [jalesma-crud] [           main] org.hibernate.orm.deprecation            : HHH90000025: MySQL8Dialect does not need to be specified explicitly using 'hibernate.dialect' (remove the property setting and it will be selected by default)
2025-11-01T14:25:13.884-05:00  WARN 1932 --- [jalesma-crud] [           main] org.hibernate.orm.deprecation            : HHH90000026: MySQL8Dialect has been deprecated; use org.hibernate.dialect.MySQLDialect instead
2025-11-01T14:25:13.944-05:00  INFO 1932 --- [jalesma-crud] [           main] org.hibernate.orm.connections.pooling    : HHH10001005: Database info:
	Database JDBC URL [Connecting through datasource 'HikariDataSource (HikariPool-1)']
	Database driver: undefined/unknown
	Database version: 8.0
	Autocommit mode: undefined/unknown
	Isolation level: undefined/unknown
	Minimum pool size: undefined/unknown
	Maximum pool size: undefined/unknown
2025-11-01T14:25:16.194-05:00  INFO 1932 --- [jalesma-crud] [           main] o.h.e.t.j.p.i.JtaPlatformInitiator       : HHH000489: No JTA platform available (set 'hibernate.transaction.jta.platform' to enable JTA platform integration)
2025-11-01T14:25:16.680-05:00  INFO 1932 --- [jalesma-crud] [           main] j.LocalContainerEntityManagerFactoryBean : Initialized JPA EntityManagerFactory for persistence unit 'default'
2025-11-01T14:25:17.305-05:00  WARN 1932 --- [jalesma-crud] [           main] JpaBaseConfiguration$JpaWebConfiguration : spring.jpa.open-in-view is enabled by default. Therefore, database queries may be performed during view rendering. Explicitly configure spring.jpa.open-in-view to disable this warning
2025-11-01T14:25:17.355-05:00  INFO 1932 --- [jalesma-crud] [           main] o.s.b.a.w.s.WelcomePageHandlerMapping    : Adding welcome page template: index
2025-11-01T14:25:18.348-05:00  INFO 1932 --- [jalesma-crud] [           main] c.e.t.j.JalesmaCrudApplicationTests      : Started JalesmaCrudApplicationTests in 10.835 seconds (process running for 12.305)
]]></system-out>
  </testcase>
</testsuite>